<?xml version="1.0" encoding="utf-8"?><testsuites><testsuite name="pytest" errors="0" failures="0" skipped="0" tests="141" time="26.043" timestamp="2020-11-05T20:46:52.900191" hostname="Steven"><testcase classname="src.base_tests.auth_test" name="test_auth_register_correct_return" time="0.007" /><testcase classname="src.base_tests.auth_test" name="test_auth_register_permission_id" time="0.008" /><testcase classname="src.base_tests.auth_test" name="test_auth_register_multiple_users" time="0.211" /><testcase classname="src.base_tests.auth_test" name="test_auth_register_input_error_valid_email" time="0.001" /><testcase classname="src.base_tests.auth_test" name="test_auth_register_input_error_existing_email" time="0.001" /><testcase classname="src.base_tests.auth_test" name="test_auth_register_input_error_short_password" time="0.001" /><testcase classname="src.base_tests.auth_test" name="test_auth_register_input_error_wrong_len_name_first" time="0.001" /><testcase classname="src.base_tests.auth_test" name="test_auth_register_input_error_wrong_len_name_last" time="0.001" /><testcase classname="src.base_tests.auth_test" name="test_auth_login_correct_return" time="0.002" /><testcase classname="src.base_tests.auth_test" name="test_auth_login_input_error_invalid_email" time="0.001" /><testcase classname="src.base_tests.auth_test" name="test_auth_login_input_error_nonexistent_email" time="0.001" /><testcase classname="src.base_tests.auth_test" name="test_auth_login_input_error_incorrect_password" time="0.002" /><testcase classname="src.base_tests.auth_test" name="test_auth_logout" time="0.002" /><testcase classname="src.base_tests.auth_test" name="test_auth_logout_wrong_session" time="0.003" /><testcase classname="src.base_tests.channel_test" name="test_channel_invite_work" time="0.004" /><testcase classname="src.base_tests.channel_test" name="test_channel_repeate_invite" time="0.004" /><testcase classname="src.base_tests.channel_test" name="test_channel_invite_invalid_channelId_input_error" time="0.003" /><testcase classname="src.base_tests.channel_test" name="test_channel_invite_invalid_tokenid" time="0.003" /><testcase classname="src.base_tests.channel_test" name="test_channel_invite_invalid_userId_input_error" time="0.003" /><testcase classname="src.base_tests.channel_test" name="test_channel_non_member_invite" time="0.005" /><testcase classname="src.base_tests.channel_test" name="test_channel_details_work" time="0.004" /><testcase classname="src.base_tests.channel_test" name="test_channel_details_invalid_channelId" time="0.004" /><testcase classname="src.base_tests.channel_test" name="test_channel_details_invite_invalid_tokenid" time="0.006" /><testcase classname="src.base_tests.channel_test" name="test_channel_non_member_call_details" time="0.004" /><testcase classname="src.base_tests.channel_test" name="test_inputError_channel_message_channelId_start_invalid" time="0.003" /><testcase classname="src.base_tests.channel_test" name="test_inputError_channel_message_invalid_channelId" time="0.004" /><testcase classname="src.base_tests.channel_test" name="test_channel_msg_invite_invalid_tokenid" time="0.007" /><testcase classname="src.base_tests.channel_test" name="test_channel_message_non_member_call_details" time="0.003" /><testcase classname="src.base_tests.channel_test" name="test_channel_message_return_negative_one" time="0.003" /><testcase classname="src.base_tests.channel_test" name="test_channel_message_return50_end" time="0.003" /><testcase classname="src.base_tests.channel_test" name="test_channel_message_newest_one_index" time="0.058" /><testcase classname="src.base_tests.channel_test" name="test_channel_message_correct_message_infors" time="0.004" /><testcase classname="src.base_tests.channel_test" name="test_channel_join_normal" time="0.003" /><testcase classname="src.base_tests.channel_test" name="test_channel_join_invalid_token" time="0.004" /><testcase classname="src.base_tests.channel_test" name="test_channel_join_invalid_channel_id" time="0.003" /><testcase classname="src.base_tests.channel_test" name="test_channel_join_for_private" time="0.003" /><testcase classname="src.base_tests.channel_test" name="test_channel_leave_normal" time="0.008" /><testcase classname="src.base_tests.channel_test" name="test_channel_leave_normal_two_oweners" time="0.007" /><testcase classname="src.base_tests.channel_test" name="test_channel_leave_normal_no_owner" time="0.007" /><testcase classname="src.base_tests.channel_test" name="test_channel_leave_invalid_channel" time="0.006" /><testcase classname="src.base_tests.channel_test" name="test_channel_leave_invalid_token" time="0.014" /><testcase classname="src.base_tests.channel_test" name="test_channel_leave_not_a_member" time="0.007" /><testcase classname="src.base_tests.channel_test" name="test_channel_addowner_standard_situation" time="0.004" /><testcase classname="src.base_tests.channel_test" name="test_channel_addowner_valid_channel" time="0.003" /><testcase classname="src.base_tests.channel_test" name="test_channel_addowner_valid_token" time="0.003" /><testcase classname="src.base_tests.channel_test" name="test_channel_addowner_already_owner" time="0.006" /><testcase classname="src.base_tests.channel_test" name="test_channel_addowner_not_owner" time="0.007" /><testcase classname="src.base_tests.channel_test" name="test_channel_addowner_not_flockrowner" time="0.005" /><testcase classname="src.base_tests.channel_test" name="test_channel_addowner_is_flockr_owner" time="0.005" /><testcase classname="src.base_tests.channel_test" name="test_channel_removeowner_standard_situation" time="0.003" /><testcase classname="src.base_tests.channel_test" name="test_channel_removeowner_valid_channel" time="0.003" /><testcase classname="src.base_tests.channel_test" name="test_channel_removeowner_valid_token" time="0.007" /><testcase classname="src.base_tests.channel_test" name="test_channel_removeowner_valid_user" time="0.004" /><testcase classname="src.base_tests.channel_test" name="test_channel_removeowner_not_owner" time="0.004" /><testcase classname="src.base_tests.channel_test" name="test_channel_removeowner_nonchannel_owner" time="0.004" /><testcase classname="src.base_tests.channel_test" name="test_channel_rmowner_not_flockrowner" time="0.007" /><testcase classname="src.base_tests.channel_test" name="test_channel_rmowner_is_flockr_owner" time="0.006" /><testcase classname="src.base_tests.channels_test" name="test_owner_from_token" time="0.002" /><testcase classname="src.base_tests.channels_test" name="test_channels_create" time="0.002" /><testcase classname="src.base_tests.channels_test" name="test_channels_listall" time="0.003" /><testcase classname="src.base_tests.channels_test" name="test_channels_list" time="0.006" /><testcase classname="src.base_tests.echo_test" name="test_echo" time="0.000" /><testcase classname="src.base_tests.echo_test" name="test_echo_except" time="0.000" /><testcase classname="src.base_tests.message_test" name="test_message_input_error" time="0.003" /><testcase classname="src.base_tests.message_test" name="test_message_access_error_wrong_token" time="0.004" /><testcase classname="src.base_tests.message_test" name="test_access_error_invalid_channelid" time="0.006" /><testcase classname="src.base_tests.message_test" name="test_access_error_invalid_tokenid" time="0.004" /><testcase classname="src.base_tests.message_test" name="test_channel_message_return_negative_one" time="0.003" /><testcase classname="src.base_tests.message_test" name="test_channel_message_return50_end" time="0.005" /><testcase classname="src.base_tests.message_test" name="test_channel_message_newest_one_index" time="0.135" /><testcase classname="src.base_tests.message_test" name="test_channel_message_correct_message_infors" time="0.004" /><testcase classname="src.base_tests.message_test" name="test_channel_message_correct_send_return_id" time="0.004" /><testcase classname="src.base_tests.message_test" name="test_message_remoe_wrong_msg_id" time="0.008" /><testcase classname="src.base_tests.message_test" name="test_message_remoe_wrong_token_id" time="0.006" /><testcase classname="src.base_tests.message_test" name="test_message_remoe_neither_sender_and_owner" time="0.006" /><testcase classname="src.base_tests.message_test" name="test_message_remove_works_normally_for_message_sender_only" time="0.006" /><testcase classname="src.base_tests.message_test" name="test_message_remove_works_normally_for_channel_owner_only" time="0.008" /><testcase classname="src.base_tests.message_test" name="test_message_remove_works_normally_for_flocker_owner_only" time="0.011" /><testcase classname="src.base_tests.message_test" name="test_message_access_error_neither_owener_nor_sender" time="0.005" /><testcase classname="src.base_tests.message_test" name="test_message_edit_works_for_sender" time="0.006" /><testcase classname="src.base_tests.message_test" name="test_message_edit_works_for_owner" time="0.010" /><testcase classname="src.base_tests.message_test" name="test_message_edit_works_for_flocker_owner" time="0.010" /><testcase classname="src.base_tests.message_test" name="test_message_edit_works_for_empty_msg" time="0.007" /><testcase classname="src.base_tests.other_test" name="test_owner_from_token" time="0.001" /><testcase classname="src.base_tests.other_test" name="test_users_all_initial" time="0.002" /><testcase classname="src.base_tests.other_test" name="test_users_all_add_new" time="0.003" /><testcase classname="src.base_tests.other_test" name="test_admin_userpermission_change_permission_id" time="0.007" /><testcase classname="src.base_tests.other_test" name="test_admin_error_not_owner" time="0.003" /><testcase classname="src.base_tests.other_test" name="test_admin_error_invalid_permission_id" time="0.003" /><testcase classname="src.base_tests.other_test" name="test_admin_incalid_userid" time="0.004" /><testcase classname="src.base_tests.other_test" name="test_admin_userpermission_change" time="0.004" /><testcase classname="src.base_tests.other_test" name="test_search_basic" time="0.005" /><testcase classname="src.base_tests.other_test" name="test_search_in_several_channel" time="0.017" /><testcase classname="src.base_tests.user_test" name="test_user_profile_correct_return" time="0.001" /><testcase classname="src.base_tests.user_test" name="test_user_profile_input_error_invalid_token" time="0.001" /><testcase classname="src.base_tests.user_test" name="test_user_profile_input_error_invalid_u_id" time="0.002" /><testcase classname="src.base_tests.user_test" name="test_user_profile_setname_correct_return" time="0.002" /><testcase classname="src.base_tests.user_test" name="test_user_profile_setname_invalid_token" time="0.001" /><testcase classname="src.base_tests.user_test" name="test_user_profile_setname_invalid_name" time="0.001" /><testcase classname="src.base_tests.user_test" name="test_user_profile_setemail_correct_return" time="0.002" /><testcase classname="src.base_tests.user_test" name="test_user_profile_email_input_error_invalid_token" time="0.003" /><testcase classname="src.base_tests.user_test" name="test_user_profile_input_error_invalid_email" time="0.002" /><testcase classname="src.base_tests.user_test" name="test_user_profile_input_error_existing_email" time="0.002" /><testcase classname="src.base_tests.user_test" name="test_user_profile_sethandle_correct_return" time="0.002" /><testcase classname="src.base_tests.user_test" name="test_user_profile_handle_input_error_invalid_token" time="0.002" /><testcase classname="src.base_tests.user_test" name="test_user_profile_handle_input_error_invalid_handle" time="0.002" /><testcase classname="src.base_tests.user_test" name="test_user_profile_uploadphoto" time="0.715" /><testcase classname="src.base_tests.user_test" name="test_user_profile_uploadphoto_two" time="10.695" /><testcase classname="src.base_tests.user_test" name="test_user_profile_uploadphoto_big" time="0.232" /><testcase classname="src.base_tests.user_test" name="test_user_profile_uploadphoto_small" time="0.229" /><testcase classname="src.base_tests.user_test" name="test_user_profile_uploadphoto_png" time="0.229" /><testcase classname="src.base_tests.user_test" name="test_user_profile_uploadphoto_txt" time="0.258" /><testcase classname="src.base_tests.user_test" name="test_user_profile_uploadphoto_invalid_url" time="0.227" /><testcase classname="src.server_test.auth_http_test" name="test_register" time="0.298" /><testcase classname="src.server_test.auth_http_test" name="test_login" time="0.308" /><testcase classname="src.server_test.auth_http_test" name="test_logout" time="0.297" /><testcase classname="src.server_test.channel_http_test" name="test_invite" time="0.311" /><testcase classname="src.server_test.channel_http_test" name="test_details" time="0.310" /><testcase classname="src.server_test.channel_http_test" name="test_messages" time="0.315" /><testcase classname="src.server_test.channel_http_test" name="test_leave" time="0.319" /><testcase classname="src.server_test.channel_http_test" name="test_join" time="0.313" /><testcase classname="src.server_test.channel_http_test" name="test_addowner" time="0.315" /><testcase classname="src.server_test.channel_http_test" name="test_removeowner" time="0.311" /><testcase classname="src.server_test.channels_http_test" name="test_create" time="0.311" /><testcase classname="src.server_test.channels_http_test" name="test_listall" time="0.303" /><testcase classname="src.server_test.channels_http_test" name="test_listall_two_users" time="0.399" /><testcase classname="src.server_test.channels_http_test" name="test_list" time="0.322" /><testcase classname="src.server_test.echo_http_test" name="test_echo" time="0.289" /><testcase classname="src.server_test.message_http_test" name="test_message_send_works" time="0.320" /><testcase classname="src.server_test.message_http_test" name="test_message_remove" time="0.319" /><testcase classname="src.server_test.message_http_test" name="test_message_edit" time="0.328" /><testcase classname="src.server_test.other_http_test" name="test_clear" time="0.303" /><testcase classname="src.server_test.other_http_test" name="test_user_all" time="0.298" /><testcase classname="src.server_test.other_http_test" name="test_userpermission_change" time="0.299" /><testcase classname="src.server_test.other_http_test" name="test_search" time="0.314" /><testcase classname="src.server_test.user_http_test" name="test_profile" time="0.304" /><testcase classname="src.server_test.user_http_test" name="test_setprofile_email" time="0.305" /><testcase classname="src.server_test.user_http_test" name="test_setprofile_name" time="0.312" /><testcase classname="src.server_test.user_http_test" name="test_setprofile_handle" time="0.317" /><testcase classname="src.server_test.user_http_test" name="test_uploadphoto" time="1.005" /><testcase classname="src.server_test.user_http_test" name="test_uploadphoto_two" time="3.001" /></testsuite></testsuites>